Using pre-set license
Built from '2020.3/release' branch; Version is '2020.3.27f1 (e759542391ea) revision 15161684'; Using compiler version '192528614'; Build Type 'Release'
OS: 'Windows 11  (10.0.22000) 64bit Core' Language: 'en' Physical Memory: 8013 MB
BatchMode: 1, IsHumanControllingUs: 0, StartBugReporterOnCrash: 0, Is64bit: 1, IsPro: 0

COMMAND LINE ARGUMENTS:
C:\Program Files\Unity 2020.3.27f1\Editor\Unity.exe
-adb2
-batchMode
-noUpm
-name
AssetImportWorker0
-projectPath
C:/Users/JPay/OneDrive/Documents/GameProduction course/HW assignment
-logFile
Logs/AssetImportWorker0.log
-srvPort
61575
Successfully changed project path to: C:/Users/JPay/OneDrive/Documents/GameProduction course/HW assignment
C:/Users/JPay/OneDrive/Documents/GameProduction course/HW assignment
Using Asset Import Pipeline V2.
Refreshing native plugins compatible for Editor in 40.71 ms, found 2 plugins.
Preloading 0 native plugins for Editor in 0.00 ms.
Initialize engine version: 2020.3.27f1 (e759542391ea)
[Subsystems] Discovering subsystems at path C:/Program Files/Unity 2020.3.27f1/Editor/Data/Resources/UnitySubsystems
[Subsystems] Discovering subsystems at path C:/Users/JPay/OneDrive/Documents/GameProduction course/HW assignment/Assets
GfxDevice: creating device client; threaded=0
Direct3D:
    Version:  Direct3D 11.0 [level 11.1]
    Renderer: NVIDIA GeForce GTX 1650 with Max-Q Design (ID=0x1f9d)
    Vendor:   
    VRAM:     3962 MB
    Driver:   27.21.14.6221
Initialize mono
Mono path[0] = 'C:/Program Files/Unity 2020.3.27f1/Editor/Data/Managed'
Mono path[1] = 'C:/Program Files/Unity 2020.3.27f1/Editor/Data/MonoBleedingEdge/lib/mono/unityjit'
Mono config path = 'C:/Program Files/Unity 2020.3.27f1/Editor/Data/MonoBleedingEdge/etc'
Using monoOptions --debugger-agent=transport=dt_socket,embedding=1,server=y,suspend=n,address=127.0.0.1:56976
Begin MonoManager ReloadAssembly
Registering precompiled unity dll's ...
Register platform support module: C:/Program Files/Unity 2020.3.27f1/Editor/Data/PlaybackEngines/WindowsStandaloneSupport/UnityEditor.WindowsStandalone.Extensions.dll
Registered in 0.003283 seconds.
Native extension for WindowsStandalone target not found
Refreshing native plugins compatible for Editor in 37.28 ms, found 2 plugins.
Preloading 0 native plugins for Editor in 0.00 ms.
Mono: successfully reloaded assembly
- Completed reload, in  0.677 seconds
Domain Reload Profiling:
	ReloadAssembly (677ms)
		BeginReloadAssembly (112ms)
			ExecutionOrderSort (0ms)
			DisableScriptedObjects (0ms)
			BackupInstance (0ms)
			ReleaseScriptingObjects (0ms)
			CreateAndSetChildDomain (1ms)
		EndReloadAssembly (496ms)
			LoadAssemblies (111ms)
			RebuildTransferFunctionScriptingTraits (0ms)
			SetupTypeCache (145ms)
			ReleaseScriptCaches (0ms)
			RebuildScriptCaches (29ms)
			SetupLoadedEditorAssemblies (178ms)
				LogAssemblyErrors (0ms)
				InitializePlatformSupportModulesInManaged (4ms)
				SetLoadedEditorAssemblies (0ms)
				RefreshPlugins (37ms)
				BeforeProcessingInitializeOnLoad (10ms)
				ProcessInitializeOnLoadAttributes (77ms)
				ProcessInitializeOnLoadMethodAttributes (49ms)
				AfterProcessingInitializeOnLoad (0ms)
				EditorAssembliesLoaded (0ms)
			ExecutionOrderSort2 (0ms)
			AwakeInstancesAfterBackupRestoration (0ms)
Platform modules already initialized, skipping
Registering precompiled user dll's ...
Registered in 0.011520 seconds.
Begin MonoManager ReloadAssembly
Native extension for WindowsStandalone target not found
Refreshing native plugins compatible for Editor in 0.41 ms, found 2 plugins.
Preloading 0 native plugins for Editor in 0.00 ms.
Mono: successfully reloaded assembly
- Completed reload, in  1.104 seconds
Domain Reload Profiling:
	ReloadAssembly (1105ms)
		BeginReloadAssembly (145ms)
			ExecutionOrderSort (0ms)
			DisableScriptedObjects (4ms)
			BackupInstance (0ms)
			ReleaseScriptingObjects (0ms)
			CreateAndSetChildDomain (19ms)
		EndReloadAssembly (904ms)
			LoadAssemblies (156ms)
			RebuildTransferFunctionScriptingTraits (0ms)
			SetupTypeCache (271ms)
			ReleaseScriptCaches (0ms)
			RebuildScriptCaches (40ms)
			SetupLoadedEditorAssemblies (367ms)
				LogAssemblyErrors (0ms)
				InitializePlatformSupportModulesInManaged (4ms)
				SetLoadedEditorAssemblies (0ms)
				RefreshPlugins (0ms)
				BeforeProcessingInitializeOnLoad (61ms)
				ProcessInitializeOnLoadAttributes (248ms)
				ProcessInitializeOnLoadMethodAttributes (48ms)
				AfterProcessingInitializeOnLoad (5ms)
				EditorAssembliesLoaded (0ms)
			ExecutionOrderSort2 (0ms)
			AwakeInstancesAfterBackupRestoration (6ms)
Platform modules already initialized, skipping
========================================================================
Worker process is ready to serve import requests
Launched and connected shader compiler UnityShaderCompiler.exe after 0.06 seconds
Refreshing native plugins compatible for Editor in 0.39 ms, found 2 plugins.
Preloading 0 native plugins for Editor in 0.00 ms.
Unloading 1969 Unused Serialized files (Serialized files now loaded: 0)
System memory in use before: 87.0 MB.
System memory in use after: 87.1 MB.

Unloading 19 unused Assets to reduce memory usage. Loaded Objects now: 2403.
Total: 2.807400 ms (FindLiveObjects: 0.172300 ms CreateObjectMapping: 0.069400 ms MarkObjects: 2.490000 ms  DeleteObjects: 0.074400 ms)

AssetImportParameters requested are different than current active one (requested -> active):
  custom:framework-win-MediaFoundation: 216162199b28c13a410421893ffa2e32 -> 
  custom:video-decoder-ogg-theora: a1e56fd34408186e4bbccfd4996cb3dc -> 
  custom:container-muxer-webm: aa71ff27fc2769a1b78a27578f13a17b -> 
  custom:container-demuxer-webm: 4f35f7cbe854078d1ac9338744f61a02 -> 
  custom:container-demuxer-ogg: 62fdf1f143b41e24485cea50d1cbac27 -> 
  custom:video-encoder-webm-vp8: eb34c28f22e8b96e1ab97ce403110664 -> 
  custom:video-decoder-webm-vp8: 9c59270c3fd7afecdb556c50c9e8de78 -> 
  custom:audio-decoder-ogg-vorbis: bf7c407c2cedff20999df2af8eb42d56 -> 
  custom:audio-encoder-webm-vorbis: bf7c407c2cedff20999df2af8eb42d56 -> 
========================================================================
Received Import Request.
  path: Packages/com.unity.probuilder/Content/Resources/Textures/GridBox_Default.png
  artifactKey: Guid(6344bf96fbda94141a525046d088fb23) Importer(815301076,1909f56bfc062723c751e8b465ee728b)
Start importing Packages/com.unity.probuilder/Content/Resources/Textures/GridBox_Default.png using Guid(6344bf96fbda94141a525046d088fb23) Importer(815301076,1909f56bfc062723c751e8b465ee728b)  -> (artifact id: '71665e41435c29cafe9bd58fd7f3c2ff') in 0.065079 seconds 
  Import took 0.069184 seconds .

========================================================================
Received Import Request.
  Time since last request: 1503.584445 seconds.
  path: Packages/com.unity.ext.nunit/package.json
  artifactKey: Guid(8143d3a8390f2c64685e3bc272bd9e90) Importer(815301076,1909f56bfc062723c751e8b465ee728b)
Start importing Packages/com.unity.ext.nunit/package.json using Guid(8143d3a8390f2c64685e3bc272bd9e90) Importer(815301076,1909f56bfc062723c751e8b465ee728b)  -> (artifact id: '36f449bd9ed4a92e06d659da724da745') in 0.010127 seconds 
  Import took 0.018468 seconds .

========================================================================
Received Import Request.
  Time since last request: 2.192911 seconds.
  path: Packages/com.unity.ide.rider/package.json
  artifactKey: Guid(66c95bb3c74257f41bae2622511dc02d) Importer(815301076,1909f56bfc062723c751e8b465ee728b)
Start importing Packages/com.unity.ide.rider/package.json using Guid(66c95bb3c74257f41bae2622511dc02d) Importer(815301076,1909f56bfc062723c751e8b465ee728b)  -> (artifact id: 'ff96f7b61e94a0dc9b975679be81ead9') in 0.058480 seconds 
  Import took 0.069926 seconds .

========================================================================
Received Import Request.
  Time since last request: 0.730137 seconds.
  path: Packages/com.unity.polybrush/package.json
  artifactKey: Guid(3f0090ad51a2a4f91ab978f06c088ff7) Importer(815301076,1909f56bfc062723c751e8b465ee728b)
Start importing Packages/com.unity.polybrush/package.json using Guid(3f0090ad51a2a4f91ab978f06c088ff7) Importer(815301076,1909f56bfc062723c751e8b465ee728b)  -> (artifact id: '3cb24a3baedbc0632b22d3c8dfc8b97d') in 0.030975 seconds 
  Import took 0.043093 seconds .

========================================================================
Received Import Request.
  Time since last request: 1.925846 seconds.
  path: Packages/com.unity.probuilder/Addons/Unity.ProBuilder.AddOns.Editor.asmdef
  artifactKey: Guid(2cfd637d8bffa4f3ebad425f3bdd33a2) Importer(815301076,1909f56bfc062723c751e8b465ee728b)
Start importing Packages/com.unity.probuilder/Addons/Unity.ProBuilder.AddOns.Editor.asmdef using Guid(2cfd637d8bffa4f3ebad425f3bdd33a2) Importer(815301076,1909f56bfc062723c751e8b465ee728b)  -> (artifact id: '1a7737a9bf8f9a8af28b342cacb94bff') in 0.017496 seconds 
  Import took 0.043830 seconds .

========================================================================
Received Import Request.
  Time since last request: 6.637439 seconds.
  path: Assets/Polybrush Data/Color Palette
  artifactKey: Guid(3f27644080efa2d4aa8a706cb2f83910) Importer(815301076,1909f56bfc062723c751e8b465ee728b)
Start importing Assets/Polybrush Data/Color Palette using Guid(3f27644080efa2d4aa8a706cb2f83910) Importer(815301076,1909f56bfc062723c751e8b465ee728b)  -> (artifact id: 'f62372912debf0f9a2a529df074a54ed') in 0.009897 seconds 
  Import took 0.021886 seconds .

========================================================================
Received Import Request.
  Time since last request: 2.163374 seconds.
  path: Assets/Polybrush Data/Color Palette/ColorPalette-Default.asset
  artifactKey: Guid(0cb95f5a113640843a89b12e9a558d74) Importer(815301076,1909f56bfc062723c751e8b465ee728b)
Start importing Assets/Polybrush Data/Color Palette/ColorPalette-Default.asset using Guid(0cb95f5a113640843a89b12e9a558d74) Importer(815301076,1909f56bfc062723c751e8b465ee728b)  -> (artifact id: '2a88bc2af281b3bace30b53557f00b29') in 0.020866 seconds 
  Import took 0.033689 seconds .

========================================================================
Received Import Request.
  Time since last request: 53.002152 seconds.
  path: Assets/Polybrush Data/Prefab Palette/PrefabPalette-Default.asset
  artifactKey: Guid(29026e3032bcff84c9ad9a85dbf0a2a7) Importer(815301076,1909f56bfc062723c751e8b465ee728b)
Start importing Assets/Polybrush Data/Prefab Palette/PrefabPalette-Default.asset using Guid(29026e3032bcff84c9ad9a85dbf0a2a7) Importer(815301076,1909f56bfc062723c751e8b465ee728b)  -> (artifact id: '0b8ba73d06fc3bae51a3d9e10fbdf1c4') in 0.020645 seconds 
  Import took 0.068881 seconds .

========================================================================
Received Import Request.
  Time since last request: 2.780041 seconds.
  path: Assets/Polybrush Data/Brush Settings/BrushSettings-Default.asset
  artifactKey: Guid(6163e30a476dba84fa586e498210e9e8) Importer(815301076,1909f56bfc062723c751e8b465ee728b)
Start importing Assets/Polybrush Data/Brush Settings/BrushSettings-Default.asset using Guid(6163e30a476dba84fa586e498210e9e8) Importer(815301076,1909f56bfc062723c751e8b465ee728b)  -> (artifact id: 'ec708f33f77edda5fd2a55ba2b40ef9a') in 0.058018 seconds 
  Import took 0.069185 seconds .

========================================================================
Received Import Request.
  Time since last request: 0.677941 seconds.
  path: Assets/TexturesCom_Nature_Moss_1K_albedo.tif
  artifactKey: Guid(d07dd9a85a229a442acfe5b97889baf9) Importer(815301076,1909f56bfc062723c751e8b465ee728b)
Start importing Assets/TexturesCom_Nature_Moss_1K_albedo.tif using Guid(d07dd9a85a229a442acfe5b97889baf9) Importer(815301076,1909f56bfc062723c751e8b465ee728b)  -> (artifact id: 'd1cab9b9d4e545b0c3044c50907e569c') in 0.018169 seconds 
  Import took 0.025051 seconds .

========================================================================
Received Import Request.
  Time since last request: 43.365484 seconds.
  path: Assets/TexturesCom_Rock_Base1_1K_height.tif
  artifactKey: Guid(f8aa956a63d34a0438d4d3dffbff6a2f) Importer(815301076,1909f56bfc062723c751e8b465ee728b)
Start importing Assets/TexturesCom_Rock_Base1_1K_height.tif using Guid(f8aa956a63d34a0438d4d3dffbff6a2f) Importer(815301076,1909f56bfc062723c751e8b465ee728b)  -> (artifact id: 'fa3a6ecf274820645b7166730a533624') in 0.028476 seconds 
  Import took 0.033727 seconds .

========================================================================
Received Import Request.
  Time since last request: 0.000292 seconds.
  path: Assets/TexturesCom_Rock_Cliff_A_2x2_1K_albedo.tif
  artifactKey: Guid(95a10df752008734a895555431ad3ada) Importer(815301076,1909f56bfc062723c751e8b465ee728b)
Start importing Assets/TexturesCom_Rock_Cliff_A_2x2_1K_albedo.tif using Guid(95a10df752008734a895555431ad3ada) Importer(815301076,1909f56bfc062723c751e8b465ee728b)  -> (artifact id: '4052a358116c5584e4a3961a84142b54') in 0.009125 seconds 
  Import took 0.012117 seconds .

========================================================================
Received Import Request.
  Time since last request: 45.642961 seconds.
  path: Assets/grass.mat
  artifactKey: Guid(18a250291aadcc6419c59781c680d1e4) Importer(815301076,1909f56bfc062723c751e8b465ee728b)
Start importing Assets/grass.mat using Guid(18a250291aadcc6419c59781c680d1e4) Importer(815301076,1909f56bfc062723c751e8b465ee728b)  -> (artifact id: '26134601426cf531fc07d4f2cdd54c61') in 0.096887 seconds 
  Import took 0.101089 seconds .

